<?xml version="1.0" encoding="UTF-8"?>
<!-- Generated by org.testng.reporters.JUnitReportReporter -->
<testsuite hostname="LAPTOP-DF3JNP2O" failures="0" tests="2" name="Priority" time="0.008" errors="0" timestamp="2021-03-22T00:10:30 IST" skipped="0">
  <testcase classname="Priority" name="testMethod2" time="0.004"/>
  <system-out/>
  <testcase classname="Priority" name="testMethod1" time="0.004"/>
  <system-out/>
</testsuite> <!-- Priority -->
